0 info it worked if it ends with ok
1 verbose cli [ '/usr/bin/nodejs', '/usr/bin/npm', 'run', 'dev' ]
2 info using npm@1.4.21
3 info using node@v0.10.29
4 verbose run-script [ 'predev', 'dev', 'postdev' ]
5 info predev bmw_apiRest@1.0.0
6 info dev bmw_apiRest@1.0.0
7 verbose unsafe-perm in lifecycle true
8 info bmw_apiRest@1.0.0 Failed to exec dev script
9 error bmw_apiRest@1.0.0 dev: `npx nodemon server/server.js -w server --exec babel-node --presets babel-preset-env`
9 error Exit status 127
10 error Failed at the bmw_apiRest@1.0.0 dev script.
10 error This is most likely a problem with the bmw_apiRest package,
10 error not with npm itself.
10 error Tell the author that this fails on your system:
10 error     npx nodemon server/server.js -w server --exec babel-node --presets babel-preset-env
10 error You can get their info via:
10 error     npm owner ls bmw_apiRest
10 error There is likely additional logging output above.
11 error System Linux 3.16.0-10-amd64
12 error command "/usr/bin/nodejs" "/usr/bin/npm" "run" "dev"
13 error cwd /home/lokman/bmw_server
14 error node -v v0.10.29
15 error npm -v 1.4.21
16 error code ELIFECYCLE
17 verbose exit [ 1, true ]
